  stdafx.cpp
  CdialogDuobianxing.cpp
  CdialogWeight.cpp
d:\fkx\桌面\cg\图形学实验二\mystudy2\cdialogweight.cpp(42): warning C4244: “=”: 从“int”转换到“float”，可能丢失数据
  ClassView.cpp
  FileView.cpp
  MainFrm.cpp
  myStudy2.cpp
  myStudy2Doc.cpp
  myStudy2View.cpp
d:\fkx\桌面\cg\图形学实验二\mystudy2\mystudy2view.cpp(183): warning C4244: “=”: 从“double”转换到“GLfloat”，可能丢失数据
d:\fkx\桌面\cg\图形学实验二\mystudy2\mystudy2view.cpp(184): warning C4244: “=”: 从“double”转换到“GLfloat”，可能丢失数据
d:\fkx\桌面\cg\图形学实验二\mystudy2\mystudy2view.cpp(185): warning C4244: “=”: 从“double”转换到“GLfloat”，可能丢失数据
d:\fkx\桌面\cg\图形学实验二\mystudy2\mystudy2view.cpp(186): warning C4244: “=”: 从“double”转换到“GLfloat”，可能丢失数据
d:\fkx\桌面\cg\图形学实验二\mystudy2\mystudy2view.cpp(187): warning C4244: “=”: 从“double”转换到“GLfloat”，可能丢失数据
d:\fkx\桌面\cg\图形学实验二\mystudy2\mystudy2view.cpp(188): warning C4244: “=”: 从“double”转换到“GLfloat”，可能丢失数据
d:\fkx\桌面\cg\图形学实验二\mystudy2\mystudy2view.cpp(225): warning C4305: “参数”: 从“double”到“GLfloat”截断
d:\fkx\桌面\cg\图形学实验二\mystudy2\mystudy2view.cpp(301): warning C4244: “=”: 从“double”转换到“GLfloat”，可能丢失数据
d:\fkx\桌面\cg\图形学实验二\mystudy2\mystudy2view.cpp(303): warning C4244: “=”: 从“double”转换到“GLfloat”，可能丢失数据
d:\fkx\桌面\cg\图形学实验二\mystudy2\mystudy2view.cpp(360): warning C4244: “=”: 从“double”转换到“GLfloat”，可能丢失数据
d:\fkx\桌面\cg\图形学实验二\mystudy2\mystudy2view.cpp(361): warning C4244: “=”: 从“double”转换到“GLfloat”，可能丢失数据
d:\fkx\桌面\cg\图形学实验二\mystudy2\mystudy2view.cpp(362): warning C4244: “=”: 从“double”转换到“GLfloat”，可能丢失数据
d:\fkx\桌面\cg\图形学实验二\mystudy2\mystudy2view.cpp(363): warning C4553: “==”: 未使用表达式结果；是否打算使用“=”?
d:\fkx\桌面\cg\图形学实验二\mystudy2\mystudy2view.cpp(367): warning C4244: “=”: 从“double”转换到“GLfloat”，可能丢失数据
d:\fkx\桌面\cg\图形学实验二\mystudy2\mystudy2view.cpp(368): warning C4244: “=”: 从“double”转换到“GLfloat”，可能丢失数据
d:\fkx\桌面\cg\图形学实验二\mystudy2\mystudy2view.cpp(369): warning C4244: “=”: 从“double”转换到“GLfloat”，可能丢失数据
d:\fkx\桌面\cg\图形学实验二\mystudy2\mystudy2view.cpp(370): warning C4244: “=”: 从“double”转换到“GLfloat”，可能丢失数据
d:\fkx\桌面\cg\图形学实验二\mystudy2\mystudy2view.cpp(374): warning C4244: “=”: 从“double”转换到“GLfloat”，可能丢失数据
d:\fkx\桌面\cg\图形学实验二\mystudy2\mystudy2view.cpp(375): warning C4244: “=”: 从“double”转换到“GLfloat”，可能丢失数据
d:\fkx\桌面\cg\图形学实验二\mystudy2\mystudy2view.cpp(376): warning C4244: “=”: 从“double”转换到“GLfloat”，可能丢失数据
d:\fkx\桌面\cg\图形学实验二\mystudy2\mystudy2view.cpp(377): warning C4244: “=”: 从“double”转换到“GLfloat”，可能丢失数据
d:\fkx\桌面\cg\图形学实验二\mystudy2\mystudy2view.cpp(562): warning C4244: “参数”: 从“double”转换到“GLfloat”，可能丢失数据
d:\fkx\桌面\cg\图形学实验二\mystudy2\mystudy2view.cpp(566): warning C4244: “参数”: 从“double”转换到“GLfloat”，可能丢失数据
d:\fkx\桌面\cg\图形学实验二\mystudy2\mystudy2view.cpp(574): warning C4244: “参数”: 从“double”转换到“GLfloat”，可能丢失数据
d:\fkx\桌面\cg\图形学实验二\mystudy2\mystudy2view.cpp(582): warning C4244: “参数”: 从“double”转换到“GLfloat”，可能丢失数据
d:\fkx\桌面\cg\图形学实验二\mystudy2\mystudy2view.cpp(586): warning C4244: “参数”: 从“double”转换到“GLfloat”，可能丢失数据
d:\fkx\桌面\cg\图形学实验二\mystudy2\mystudy2view.cpp(936): warning C4244: “=”: 从“GLdouble”转换到“GLfloat”，可能丢失数据
d:\fkx\桌面\cg\图形学实验二\mystudy2\mystudy2view.cpp(937): warning C4244: “=”: 从“GLdouble”转换到“GLfloat”，可能丢失数据
d:\fkx\桌面\cg\图形学实验二\mystudy2\mystudy2view.cpp(941): warning C4244: “=”: 从“GLdouble”转换到“GLfloat”，可能丢失数据
d:\fkx\桌面\cg\图形学实验二\mystudy2\mystudy2view.cpp(942): warning C4244: “=”: 从“GLdouble”转换到“GLfloat”，可能丢失数据
d:\fkx\桌面\cg\图形学实验二\mystudy2\mystudy2view.cpp(957): warning C4244: “=”: 从“GLdouble”转换到“GLfloat”，可能丢失数据
d:\fkx\桌面\cg\图形学实验二\mystudy2\mystudy2view.cpp(958): warning C4244: “=”: 从“GLdouble”转换到“GLfloat”，可能丢失数据
d:\fkx\桌面\cg\图形学实验二\mystudy2\mystudy2view.cpp(974): warning C4244: “=”: 从“GLdouble”转换到“GLfloat”，可能丢失数据
d:\fkx\桌面\cg\图形学实验二\mystudy2\mystudy2view.cpp(975): warning C4244: “=”: 从“GLdouble”转换到“GLfloat”，可能丢失数据
d:\fkx\桌面\cg\图形学实验二\mystudy2\mystudy2view.cpp(991): warning C4244: “=”: 从“GLdouble”转换到“GLfloat”，可能丢失数据
d:\fkx\桌面\cg\图形学实验二\mystudy2\mystudy2view.cpp(992): warning C4244: “=”: 从“GLdouble”转换到“GLfloat”，可能丢失数据
d:\fkx\桌面\cg\图形学实验二\mystudy2\mystudy2view.cpp(1008): warning C4244: “=”: 从“GLdouble”转换到“GLfloat”，可能丢失数据
d:\fkx\桌面\cg\图形学实验二\mystudy2\mystudy2view.cpp(1009): warning C4244: “=”: 从“GLdouble”转换到“GLfloat”，可能丢失数据
d:\fkx\桌面\cg\图形学实验二\mystudy2\mystudy2view.cpp(1025): warning C4244: “=”: 从“GLdouble”转换到“GLfloat”，可能丢失数据
d:\fkx\桌面\cg\图形学实验二\mystudy2\mystudy2view.cpp(1026): warning C4244: “=”: 从“GLdouble”转换到“GLfloat”，可能丢失数据
d:\fkx\桌面\cg\图形学实验二\mystudy2\mystudy2view.cpp(1042): warning C4244: “=”: 从“GLdouble”转换到“GLfloat”，可能丢失数据
d:\fkx\桌面\cg\图形学实验二\mystudy2\mystudy2view.cpp(1043): warning C4244: “=”: 从“GLdouble”转换到“GLfloat”，可能丢失数据
d:\fkx\桌面\cg\图形学实验二\mystudy2\mystudy2view.cpp(1061): warning C4244: “=”: 从“int”转换到“GLfloat”，可能丢失数据
d:\fkx\桌面\cg\图形学实验二\mystudy2\mystudy2view.cpp(1062): warning C4244: “=”: 从“int”转换到“GLfloat”，可能丢失数据
d:\fkx\桌面\cg\图形学实验二\mystudy2\mystudy2view.cpp(1068): warning C4244: “=”: 从“int”转换到“GLfloat”，可能丢失数据
d:\fkx\桌面\cg\图形学实验二\mystudy2\mystudy2view.cpp(1069): warning C4244: “=”: 从“int”转换到“GLfloat”，可能丢失数据
d:\fkx\桌面\cg\图形学实验二\mystudy2\mystudy2view.cpp(1093): warning C4244: “=”: 从“GLdouble”转换到“LONG”，可能丢失数据
d:\fkx\桌面\cg\图形学实验二\mystudy2\mystudy2view.cpp(1094): warning C4244: “=”: 从“GLdouble”转换到“LONG”，可能丢失数据
d:\fkx\桌面\cg\图形学实验二\mystudy2\mystudy2view.cpp(1526): warning C4244: “=”: 从“double”转换到“float”，可能丢失数据
d:\fkx\桌面\cg\图形学实验二\mystudy2\mystudy2view.cpp(1527): warning C4244: “=”: 从“double”转换到“float”，可能丢失数据
d:\fkx\桌面\cg\图形学实验二\mystudy2\mystudy2view.cpp(1523): warning C4101: “b”: 未引用的局部变量
d:\fkx\桌面\cg\图形学实验二\mystudy2\mystudy2view.cpp(1636): warning C4244: “=”: 从“LONG”转换到“float”，可能丢失数据
d:\fkx\桌面\cg\图形学实验二\mystudy2\mystudy2view.cpp(1637): warning C4244: “=”: 从“LONG”转换到“float”，可能丢失数据
d:\fkx\桌面\cg\图形学实验二\mystudy2\mystudy2view.cpp(1664): warning C4244: “=”: 从“float”转换到“int”，可能丢失数据
d:\fkx\桌面\cg\图形学实验二\mystudy2\mystudy2view.cpp(1664): warning C4244: “=”: 从“int”转换到“float”，可能丢失数据
d:\fkx\桌面\cg\图形学实验二\mystudy2\mystudy2view.cpp(1665): warning C4244: “=”: 从“float”转换到“int”，可能丢失数据
d:\fkx\桌面\cg\图形学实验二\mystudy2\mystudy2view.cpp(1665): warning C4244: “=”: 从“int”转换到“float”，可能丢失数据
d:\fkx\桌面\cg\图形学实验二\mystudy2\mystudy2view.cpp(1680): warning C4244: “=”: 从“int”转换到“float”，可能丢失数据
d:\fkx\桌面\cg\图形学实验二\mystudy2\mystudy2view.cpp(1682): warning C4244: “=”: 从“int”转换到“float”，可能丢失数据
d:\fkx\桌面\cg\图形学实验二\mystudy2\mystudy2view.cpp(1686): warning C4244: “=”: 从“int”转换到“float”，可能丢失数据
d:\fkx\桌面\cg\图形学实验二\mystudy2\mystudy2view.cpp(1687): warning C4244: “=”: 从“int”转换到“float”，可能丢失数据
d:\fkx\桌面\cg\图形学实验二\mystudy2\mystudy2view.cpp(1695): warning C4244: “=”: 从“int”转换到“float”，可能丢失数据
d:\fkx\桌面\cg\图形学实验二\mystudy2\mystudy2view.cpp(1701): warning C4244: “=”: 从“int”转换到“float”，可能丢失数据
d:\fkx\桌面\cg\图形学实验二\mystudy2\mystudy2view.cpp(1706): warning C4244: “=”: 从“int”转换到“float”，可能丢失数据
d:\fkx\桌面\cg\图形学实验二\mystudy2\mystudy2view.cpp(1711): warning C4244: “=”: 从“int”转换到“float”，可能丢失数据
d:\fkx\桌面\cg\图形学实验二\mystudy2\mystudy2view.cpp(1766): warning C4244: “=”: 从“LONG”转换到“float”，可能丢失数据
d:\fkx\桌面\cg\图形学实验二\mystudy2\mystudy2view.cpp(1767): warning C4244: “=”: 从“LONG”转换到“float”，可能丢失数据
d:\fkx\桌面\cg\图形学实验二\mystudy2\mystudy2view.cpp(1988): warning C4305: “参数”: 从“double”到“GLfloat”截断
d:\fkx\桌面\cg\图形学实验二\mystudy2\mystudy2view.cpp(1913): warning C4101: “b”: 未引用的局部变量
d:\fkx\桌面\cg\图形学实验二\mystudy2\mystudy2view.cpp(1913): warning C4101: “Outcnt”: 未引用的局部变量
d:\fkx\桌面\cg\图形学实验二\mystudy2\mystudy2view.cpp(2029): warning C4244: “=”: 从“LONG”转换到“float”，可能丢失数据
d:\fkx\桌面\cg\图形学实验二\mystudy2\mystudy2view.cpp(2030): warning C4244: “=”: 从“LONG”转换到“float”，可能丢失数据
d:\fkx\桌面\cg\图形学实验二\mystudy2\mystudy2view.cpp(2057): warning C4244: “=”: 从“LONG”转换到“float”，可能丢失数据
d:\fkx\桌面\cg\图形学实验二\mystudy2\mystudy2view.cpp(2058): warning C4244: “=”: 从“LONG”转换到“float”，可能丢失数据
d:\fkx\桌面\cg\图形学实验二\mystudy2\mystudy2view.cpp(2059): warning C4244: “=”: 从“LONG”转换到“float”，可能丢失数据
d:\fkx\桌面\cg\图形学实验二\mystudy2\mystudy2view.cpp(2060): warning C4244: “=”: 从“LONG”转换到“float”，可能丢失数据
d:\fkx\桌面\cg\图形学实验二\mystudy2\mystudy2view.cpp(2076): warning C4244: “=”: 从“LONG”转换到“float”，可能丢失数据
d:\fkx\桌面\cg\图形学实验二\mystudy2\mystudy2view.cpp(2077): warning C4244: “=”: 从“LONG”转换到“float”，可能丢失数据
d:\fkx\桌面\cg\图形学实验二\mystudy2\mystudy2view.cpp(2078): warning C4244: “=”: 从“LONG”转换到“float”，可能丢失数据
d:\fkx\桌面\cg\图形学实验二\mystudy2\mystudy2view.cpp(2079): warning C4244: “=”: 从“LONG”转换到“float”，可能丢失数据
d:\fkx\桌面\cg\图形学实验二\mystudy2\mystudy2view.cpp(2085): warning C4244: “=”: 从“LONG”转换到“float”，可能丢失数据
d:\fkx\桌面\cg\图形学实验二\mystudy2\mystudy2view.cpp(2086): warning C4244: “=”: 从“LONG”转换到“float”，可能丢失数据
d:\fkx\桌面\cg\图形学实验二\mystudy2\mystudy2view.cpp(2087): warning C4244: “=”: 从“LONG”转换到“float”，可能丢失数据
d:\fkx\桌面\cg\图形学实验二\mystudy2\mystudy2view.cpp(2088): warning C4244: “=”: 从“LONG”转换到“float”，可能丢失数据
d:\fkx\桌面\cg\图形学实验二\mystudy2\mystudy2view.cpp(2100): warning C4244: “=”: 从“float”转换到“LONG”，可能丢失数据
d:\fkx\桌面\cg\图形学实验二\mystudy2\mystudy2view.cpp(2101): warning C4244: “=”: 从“float”转换到“LONG”，可能丢失数据
d:\fkx\桌面\cg\图形学实验二\mystudy2\mystudy2view.cpp(2102): warning C4244: “初始化”: 从“double”转换到“float”，可能丢失数据
d:\fkx\桌面\cg\图形学实验二\mystudy2\mystudy2view.cpp(2111): warning C4244: “初始化”: 从“LONG”转换到“float”，可能丢失数据
d:\fkx\桌面\cg\图形学实验二\mystudy2\mystudy2view.cpp(2125): warning C4244: “=”: 从“float”转换到“LONG”，可能丢失数据
d:\fkx\桌面\cg\图形学实验二\mystudy2\mystudy2view.cpp(2126): warning C4244: “=”: 从“float”转换到“LONG”，可能丢失数据
d:\fkx\桌面\cg\图形学实验二\mystudy2\mystudy2view.cpp(2131): warning C4244: “=”: 从“float”转换到“LONG”，可能丢失数据
d:\fkx\桌面\cg\图形学实验二\mystudy2\mystudy2view.cpp(2132): warning C4244: “=”: 从“float”转换到“LONG”，可能丢失数据
d:\fkx\桌面\cg\图形学实验二\mystudy2\mystudy2view.cpp(2189): warning C4244: “参数”: 从“float”转换到“int”，可能丢失数据
d:\fkx\桌面\cg\图形学实验二\mystudy2\mystudy2view.cpp(2260): warning C4305: “参数”: 从“double”到“GLfloat”截断
d:\fkx\桌面\cg\图形学实验二\mystudy2\mystudy2view.cpp(2281): warning C4305: “参数”: 从“double”到“GLfloat”截断
d:\fkx\桌面\cg\图形学实验二\mystudy2\mystudy2view.cpp(2283): warning C4305: “参数”: 从“double”到“GLfloat”截断
d:\fkx\桌面\cg\图形学实验二\mystudy2\mystudy2view.cpp(2298): warning C4305: “参数”: 从“double”到“GLfloat”截断
d:\fkx\桌面\cg\图形学实验二\mystudy2\mystudy2view.cpp(2300): warning C4305: “参数”: 从“double”到“GLfloat”截断
d:\fkx\桌面\cg\图形学实验二\mystudy2\mystudy2view.cpp(2313): warning C4305: “参数”: 从“double”到“GLfloat”截断
d:\fkx\桌面\cg\图形学实验二\mystudy2\mystudy2view.cpp(2315): warning C4305: “参数”: 从“double”到“GLfloat”截断
d:\fkx\桌面\cg\图形学实验二\mystudy2\mystudy2view.cpp(2328): warning C4305: “参数”: 从“double”到“GLfloat”截断
d:\fkx\桌面\cg\图形学实验二\mystudy2\mystudy2view.cpp(2330): warning C4305: “参数”: 从“double”到“GLfloat”截断
d:\fkx\桌面\cg\图形学实验二\mystudy2\mystudy2view.cpp(2342): warning C4305: “参数”: 从“double”到“GLfloat”截断
d:\fkx\桌面\cg\图形学实验二\mystudy2\mystudy2view.cpp(2344): warning C4305: “参数”: 从“double”到“GLfloat”截断
d:\fkx\桌面\cg\图形学实验二\mystudy2\mystudy2view.cpp(2356): warning C4305: “参数”: 从“double”到“GLfloat”截断
d:\fkx\桌面\cg\图形学实验二\mystudy2\mystudy2view.cpp(2358): warning C4305: “参数”: 从“double”到“GLfloat”截断
d:\fkx\桌面\cg\图形学实验二\mystudy2\mystudy2view.cpp(2370): warning C4305: “参数”: 从“double”到“GLfloat”截断
d:\fkx\桌面\cg\图形学实验二\mystudy2\mystudy2view.cpp(2372): warning C4305: “参数”: 从“double”到“GLfloat”截断
d:\fkx\桌面\cg\图形学实验二\mystudy2\mystudy2view.cpp(2406): warning C4305: “初始化”: 从“double”到“GLfloat”截断
d:\fkx\桌面\cg\图形学实验二\mystudy2\mystudy2view.cpp(2408): warning C4305: “初始化”: 从“double”到“GLfloat”截断
d:\fkx\桌面\cg\图形学实验二\mystudy2\mystudy2view.cpp(2409): warning C4305: “初始化”: 从“double”到“GLfloat”截断
d:\fkx\桌面\cg\图形学实验二\mystudy2\mystudy2view.cpp(2418): warning C4305: “参数”: 从“double”到“GLfloat”截断
d:\fkx\桌面\cg\图形学实验二\mystudy2\mystudy2view.cpp(2433): warning C4305: “参数”: 从“double”到“GLfloat”截断
d:\fkx\桌面\cg\图形学实验二\mystudy2\mystudy2view.cpp(2441): warning C4305: “参数”: 从“double”到“GLfloat”截断
d:\fkx\桌面\cg\图形学实验二\mystudy2\mystudy2view.cpp(2444): warning C4305: “参数”: 从“double”到“GLfloat”截断
d:\fkx\桌面\cg\图形学实验二\mystudy2\mystudy2view.cpp(2452): warning C4305: “参数”: 从“double”到“GLfloat”截断
d:\fkx\桌面\cg\图形学实验二\mystudy2\mystudy2view.cpp(2455): warning C4305: “参数”: 从“double”到“GLfloat”截断
d:\fkx\桌面\cg\图形学实验二\mystudy2\mystudy2view.cpp(2463): warning C4305: “参数”: 从“double”到“GLfloat”截断
d:\fkx\桌面\cg\图形学实验二\mystudy2\mystudy2view.cpp(2467): warning C4305: “参数”: 从“double”到“GLfloat”截断
d:\fkx\桌面\cg\图形学实验二\mystudy2\mystudy2view.cpp(2475): warning C4305: “参数”: 从“double”到“GLfloat”截断
d:\fkx\桌面\cg\图形学实验二\mystudy2\mystudy2view.cpp(2478): warning C4305: “参数”: 从“double”到“GLfloat”截断
d:\fkx\桌面\cg\图形学实验二\mystudy2\mystudy2view.cpp(2517): warning C4305: “参数”: 从“double”到“GLfloat”截断
d:\fkx\桌面\cg\图形学实验二\mystudy2\mystudy2view.cpp(2533): warning C4305: “参数”: 从“double”到“GLfloat”截断
d:\fkx\桌面\cg\图形学实验二\mystudy2\mystudy2view.cpp(2546): warning C4305: “参数”: 从“double”到“GLfloat”截断
d:\fkx\桌面\cg\图形学实验二\mystudy2\mystudy2view.cpp(2562): warning C4305: “参数”: 从“double”到“GLfloat”截断
d:\fkx\桌面\cg\图形学实验二\mystudy2\mystudy2view.cpp(2575): warning C4305: “参数”: 从“double”到“GLfloat”截断
d:\fkx\桌面\cg\图形学实验二\mystudy2\mystudy2view.cpp(2591): warning C4305: “参数”: 从“double”到“GLfloat”截断
d:\fkx\桌面\cg\图形学实验二\mystudy2\mystudy2view.cpp(2598): warning C4305: “参数”: 从“double”到“GLfloat”截断
d:\fkx\桌面\cg\图形学实验二\mystudy2\mystudy2view.cpp(2716): warning C4305: “参数”: 从“double”到“float”截断
d:\fkx\桌面\cg\图形学实验二\mystudy2\mystudy2view.cpp(2766): warning C4305: “参数”: 从“double”到“float”截断
d:\fkx\桌面\cg\图形学实验二\mystudy2\mystudy2view.cpp(2812): warning C4305: “参数”: 从“double”到“GLfloat”截断
d:\fkx\桌面\cg\图形学实验二\mystudy2\mystudy2view.cpp(2942): warning C4244: “参数”: 从“double”转换到“GLfloat”，可能丢失数据
d:\fkx\桌面\cg\图形学实验二\mystudy2\mystudy2view.cpp(2952): warning C4305: “参数”: 从“double”到“float”截断
d:\fkx\桌面\cg\图形学实验二\mystudy2\mystudy2view.cpp(2959): warning C4305: “参数”: 从“double”到“float”截断
d:\fkx\桌面\cg\图形学实验二\mystudy2\mystudy2view.cpp(2966): warning C4305: “参数”: 从“double”到“float”截断
d:\fkx\桌面\cg\图形学实验二\mystudy2\mystudy2view.cpp(2973): warning C4244: “参数”: 从“double”转换到“GLfloat”，可能丢失数据
d:\fkx\桌面\cg\图形学实验二\mystudy2\mystudy2view.cpp(3020): warning C4305: “参数”: 从“double”到“GLfloat”截断
d:\fkx\桌面\cg\图形学实验二\mystudy2\mystudy2view.cpp(3023): warning C4305: “参数”: 从“double”到“GLfloat”截断
d:\fkx\桌面\cg\图形学实验二\mystudy2\mystudy2view.cpp(3026): warning C4305: “参数”: 从“double”到“GLfloat”截断
d:\fkx\桌面\cg\图形学实验二\mystudy2\mystudy2view.cpp(3045): warning C4305: “参数”: 从“double”到“GLfloat”截断
d:\fkx\桌面\cg\图形学实验二\mystudy2\mystudy2view.cpp(3050): warning C4305: “参数”: 从“double”到“GLfloat”截断
d:\fkx\桌面\cg\图形学实验二\mystudy2\mystudy2view.cpp(3059): warning C4305: “参数”: 从“double”到“GLfloat”截断
d:\fkx\桌面\cg\图形学实验二\mystudy2\mystudy2view.cpp(3128): warning C4305: “参数”: 从“double”到“GLfloat”截断
d:\fkx\桌面\cg\图形学实验二\mystudy2\mystudy2view.cpp(3134): warning C4305: “参数”: 从“double”到“GLfloat”截断
d:\fkx\桌面\cg\图形学实验二\mystudy2\mystudy2view.cpp(3137): warning C4305: “参数”: 从“double”到“GLfloat”截断
d:\fkx\桌面\cg\图形学实验二\mystudy2\mystudy2view.cpp(3140): warning C4305: “参数”: 从“double”到“GLfloat”截断
d:\fkx\桌面\cg\图形学实验二\mystudy2\mystudy2view.cpp(3200): warning C4305: “参数”: 从“double”到“GLfloat”截断
d:\fkx\桌面\cg\图形学实验二\mystudy2\mystudy2view.cpp(3209): warning C4305: “参数”: 从“double”到“GLfloat”截断
d:\fkx\桌面\cg\图形学实验二\mystudy2\mystudy2view.cpp(3256): warning C4305: “参数”: 从“double”到“GLfloat”截断
d:\fkx\桌面\cg\图形学实验二\mystudy2\mystudy2view.cpp(3260): warning C4244: “参数”: 从“double”转换到“GLfloat”，可能丢失数据
  OutputWnd.cpp
  PropertiesWnd.cpp
  ViewTree.cpp
  正在生成代码...
  myStudy2.vcxproj -> D:\FKX\桌面\CG\图形学实验二\Debug\myStudy2.exe
